[  0.000 Iitiazi cro ssy cput[   .000] Iniazig cgroup subsys cpu
[    0.000000] Initializing cgroup subsys cpuacct
[    0.000000] Linux version 4.4.0-101-generic (buildd@lcy01-amd64-006) (gcc version 5.4.0 20160609 (Ubuntu 5.4.0-6ubuntu1~16.04.5) ) #124-Ubuntu SMP Fri Nov 10 18:29:59 UTC 2017 (Ubuntu 4.4.0-101.124-generic 4.4.95)
[    0.000000] Command line: BOOT_IMAGE=/oovmliz-4.-101enic rt=BE=cloimrotfs  csoe=tty1 console=ttyS0
[    0.000000] KERNEL supported cpus:
[    0.000000]   Intel GenuineIntel
[    0.000000]   AMD AuthenticAMD
[    0.000000]   Centa Ctaurul
[  .000] x8fp xtatefft[]:  57, ta_siz[2  56[  0.000 x6/fp Spoti XVEfeate x01:x8flating point registers'
[    0.000000] x86/fpu: Supporting XSAVE feature 0x02: 'SSE registers'
[    0.000000] x86/fpu: Supporting XSAVE feature 0x04: 'AVX egtes'
  .00000] x86/fpu: Enabled xstate features 0x7, context size is 832 bytes, using 'standard' format.
[    0.000000] x86/fpu: Using 'lazy' FPU context switches.
[    0.000000] e820: BIS-ovded ysalRAM p:
[  0.000]IOe80: [m 0000000000-0x000000000009fbff] usable
[    0.000000] BIOS-e820: [mem 0x000000000009fc00-0x000000000009ffff] reserved
[    0.000000] BIOS-e820: [mem 0x00000000000f0000-0x00000000000fffff] reserved
[    0.000000] BIOS-e820: [mem 0x0000000000100000-0x000000003ffeffff] usable
[    0.000000] BIOS-e820: [mem 0x000000003fff0000-0x000000003fffffff] ACPI data
[    0.000000] BIOS-e820: [mem 0x00000000fec00000-0x00000000fec00fff] reserved
[    0.000000] BIOS-e820: [mem 0x00000000fee00000-0x00000000fee00fff] reserved
[    0.000000] BIOS-e820: [mem 0x00000000fffc0000-0x00000000ffffffff] reserved
[    0.000000] NX (Execute Disable) protection: active
[    0.000000] SMBIOS 2.5 present.
[    0.000000] Hypervisor detected: KVM
[    0.000000] e820: last_pfn = 0x3fff0 max_arch_pfn = 0x400000000
[    0.000000] MTRR: Disale
[   0000]x86/T:TRRs diabd,kipping PAT initialization too.[  0000000] CPU MTRRs all blank - virtualized system.
[    0.000000] x86/PAT: Configuration [0-7]: WB  WT  UC- UC  WB  WT  UC- UC  
[    0.000000] found SMP MP-tablatmem 0x09f00x00fff]mappd  [fff8009ff0]
[    0.000000] Scanning 1 areas for low memory corruption
[    0.000000] RAMDISK: [mem 0x36abc000-0x37555fff]
[    0.000000] ACPI: Early table checksum verification disabled
[    0.000000] ACPI: RSDP 0x00000000000E0000 000024 (v02 VBOX  )
[    0.000000] ACPI: XSDT 0x000000003FFF0030 00003C (v01 VBOX   VBOXXDT000001 SL  00061)[   0.00] CPI:AC0x0000FF00F0004 v04 OX VBOAC000000AS 00061
[   0.00] CPI:SD 0000000FF470 21 (02 VX VBXBIO00002 IN 20028
[  .0000] ACPI: FACS 0x000000003FFF0200 000040
[    0.000000] ACPI: FACS 0x000000003FFF0200 000040
[    0.000000] ACPI: APIC 0x000000003FFF0240 00005C (v02 VBOX   VBOXAPIC 00000001 ASL  00000061)
[    0.000000] ACPI: SSDT 0x000000003FFF02A0 0001CC (v1 VB  BOCPUT0000 INT20058)
  .00000 NNU congutin un
[   0000]Faki aod at [mem 0x0000000000000000-0x000000003ffeffff]
[    0.000000] NODE_DATA(0) allocated [mem 0x3ffeb000-0x3ffeffff]
[    0.000000] kvm-clock: Using msrs 4b564d01 and 4b564d00
[    0.000000] kvm-clock: cpu 0, msr 0:3ffe3001, primary cpu clock
[    0.000000] kvm-clock: using sched offset of 3291238724 cycles
[    0.000000] clocksource: kvm-clock: mask: 0xffffffffffffffff max_cycles: 0x1cd42e4dffb, max_idle_ns: 881590591483 ns
[    0.000000] Zone ranges:
[    0.000000]   DMA      [mem 0x0000000000001000-0x0000000000ffffff]
[    0.000000]   DMA32    [mem 0x0000000001000000-0x000000003ffeffff]
[    0.000000]   Normal   empty
[    0.000000]   Device   empty
[    0.000000] Movable zone start for each node
[    0.000000] Early memory node ranges
[    0.000000]   node   0: [mem 0x0000000000001000-0x000000000009efff]
[    0.000000]   node   0: me0x00000000000-0x000000003feff
[    0.000000] Initmem setup node 0 [mem 0x00000001000-000003ffff]
[  00000] AI:M-imerO ort:0x408   0.000000] IAP[0 api_i2,ersin 2,ddre 0ec0000, GSI 0-23
[    0.000000] ACPI: INT_SRC_OVR (bus 0 bus_ir 0lol_ir 2flfl)[  00000] PI INT_RCVRbus 0 s_q 9 gob_i 9 lw ve
[   0000] UsingCP(MDT) r P onfiurio ifoatn
[  00000] mpoo Alowi 2PU, 0 tpg PUs   0.000000] PM: Registered nosave memory: [mem 0x00000000-0x00000fff]
[    0.000000] PM: Registered nosave memory: [mem 0x0009f000-0x0009ffff]
[    0.000000] PM: Registered nosave memory: [mem 0x000a0000-0x000effff]
[    0.000000] PM: Registered nosave memory: [mem 0x000f0000-0x000fffff]
[    0.000000] e820: [mem 0x40000000-0xfebfffff] available for PCI devices
[    0.000000] Booting paravirtualized kernel on KVM
[  .000000] clocksource: refined-jiffies: mask: 0xffffffff max_cycles: 0xffffffff, max_idle_ns: 7645519600211568 ns
[    0.000000] setup_percpu: NR_CPUS:512 nr_cpumask_bits:512 nr_cpu_ids:2 nr_node_ids:1
[    0.000000] PERCPU: Embedded 34 pages/cpu @ffff88003fc00000 s98328 r8192 d32744 u1048576
[    0.000000] PV qspinlock hash table entries: 256 (order: 0, 4096 bytes)
[    0.000000] Built 1 zonelists in Node order, mobility grouping on.  Total pages: 257913
[    0.000000] Policy zone: DMA32
[  0.0000] rn comndin: BO_IGE/bt/liuz-4.001genec otLABEL=cloudimg-rootfs ro console=tty1 console=ttyS0
[    0.000000] PID hash table entres 46 (ode 332768 bes
[   0.00] emor 1178K/1810Kavaibl(884 knecode12K wdat 38Kroda, 92 ini 16K bss, 46412K reserved, 0K cma-reserved)
[    0.000000] SLUB: HWalign=64, Order=0-3, MinObjects=0, CPUs=2, Nodes=1
[    0.000000] Hierarchical RCU implementation.
[    0.000000] 	Build-time adjustment of leaf fanout to 64.
[    0.000000] 	RCU restricting CPUs roNRCPUS12o r_cpid2.
[  00000] RU:djtinggeet for ru_no_leaf=, _cu_ids=
[  .0000]R_RQS:33024 nr_irs:0 
[    0.00000]onole:olr GA+ x2
[    0.000000] console [tty1] enabled
[   000000cool [ttyS0 ebld
[  00000] tsc: Detected 3593.242 MHz processor
[    0.000000] tsc: Marking TSC unstable due to TSCs unsynchronized
[    0.012000] Calibrating delay loop (skipped) preset value.. 7186.48 BogoMIPS (lpj=14372968)
[    0.012003] pid_max: default: 32768 minimum: 301
[    0.016015] ACPI: Core revision 20150930
[    0.020838] ACPI: 2 ACPI AML tables successfully acquired and loaded
[    0.028241] Security Framework initialized
[    0.032008] Yama: becoming mindful.
[    0.036024] AppArmor: AppArmor initialized
[    0.037110] Dentry cache hash table entries: 131072 (order: 8, 1048576 bytes)
[    0.040151] Inode-cache hash table entries: 65536 (order: 7, 524288 bytes)
[    0.048062] Mount-cache hash table entries: 2048 (order: 2, 16384 bytes)
[    0.052013] Mountpoint-cache hash table entries: 2048 (order: 2, 16384 bytes)
[    0.056138] Initializing cgroup subsys io
[    0.060013] Initializing cgroup subsys memory
[    0.064034] Initializing cgroup subsys devices
[    0.068008] Initializing cgroup subsys freezer
[    0.072005] Initializing cgroup subsys net_cls
[    0.076016] Initializing cgroup subsys perf_event
[    0.080013] Initializing cgroup subsys net_prio
[    0.084021] Initializing cgroup subsys hugetlb
[    0.085097] Initializing cgroup subsys pids
[    0.086251] CPU: Physical Processor ID: 0
[    0.088004] CPU: Processor Core ID: 0
[    0.094696] mce: CPU supports 0 MCE banks
[    0.096030] Last level iTLB entries: 4KB 1024, 2MB 1024, 4MB 512
[    0.100017] Last level dTLB entries: 4KB 1536, 2MB 1536, 4MB 768, 1GB 0
[    0.109095] Freeing SMP alternatives memory: 32K
[    0.124809] ftrace: allocating 32156 entries in 126 pages
[    0.136066] smpboot: APIC(0) Converting physical 0 to logical package 0
[    0.140011] smpboot: Max logical packages: 1
[    0.141417] x2apic enabled
[    0.144008] Switched APIC routing to physical x2apic.
[    0.148900] ..TIMER: vector=0x30 apic1=0 pin1=2 apic2=-1 pin2=-1
[    0.156000] smpboot: CPU0: AMD Ryzen 5 1600X Six-Core Processor (family: 0x17, model: 0x1, stepping: 0x1)
[    0.168015] Performance Events: Broken PMU hardware detected, using software events only.
[    0.176007] Failed to access perfctr msr (MSR c0010007 is 0)
[    0.180036] KVM setup paravirtual spinlock
[    0.184610] x86: Booting SMP configuration:
[    0.188008] .... node  #0, CPUs:      #1
[    0.012000] kvm-clock: cpu 1, msr 0:3ffe3041, secondary cpu clock
[    0.012000] mce: CPU supports 0 MCE banks
[    0.353029] x86: Booted up 1 node, 2 CPUs
[    0.356006] smpboot: Total of 2 processors activated (14372.96 BogoMIPS)
[    0.360205] devtmpfs: initialized
[    0.468003] evm: security.selinux
[    0.580006] evm: security.SMACK64
[    0.692007] evm: security.SMACK64EXEC
[    0.792006] evm: security.SMACK64TRANSMUTE
[    0.912010] evm: security.SMACK64MMAP
[    0.988008] evm: security.ima
[    1.104006] evm: security.capability
[    1.224000] clocksource: jiffies: mask: 0xffffffff max_cycles: 0xffffffff, max_idle_ns: 7645041785100000 ns
[    1.612030] futex hash table entries: 512 (order: 3, 32768 bytes)
[    1.824116] pinctrl core: initialized pinctrl subsystem
[    1.940119] RTC time: 23:17:12, date: 12/04/17
[    2.120264] NET: Registered protocol family 16
[    2.276007] cpuidle: using governor ladder
[    2.292010] cpuidle: using governor menu
[    2.296022] PCCT header not found.
[    2.300241] ACPI: bus type PCI registered
[    2.304005] acpiphp: ACPI Hot Plug PCI Controller Driver version: 0.5
[    2.308101] PCI: Using configuration type 1 for base access
[    2.312007] PCI: Using configuration type 1 for extended access
[    2.328151] ACPI: Added _OSI(Module Device)
    2.332016] ACPI: Added _OSI(Processor Device)
[    2.336006] ACPI: Added _OSI(3.0 _SCP Extensions)
[    2.340006] ACPI: Added _OSI(Processor Aggregator Device)
[    2.344446] ACPI: Executed 1 blocks of module-level executable AML code
[    2.356865] ACPI: Interpreter enabled
[    2.360018] ACPI: (supports S0 S5)
[    2.364005] ACPI: Using IOAPIC for interrupt routing
[    2.368143] PCI: Using host bridge windows from ACPI; if necessary, use "pci=nocrs" and report a bug
[    2.377330] ACPI: PCI Root Bridge [PCI0] (domain 0000 [bus 00-ff])
[    2.380013] acpi PNP0A03:00: _OSC: OS supports [ExtendedConfig ASPM ClockPM Segments MSI]
[    2.384050] acpi PNP0A03:00: _OSC: OS now controls [PCIeHotplug PME AER PCIeCapability]
[    2.392070] PCI host bridge to bus 0000:00
[    2.396012] pci_bus 0000:00: root bus resource [io  0x0000-0x0cf7 window]
[    2.400008] pci_bus 0000:00: root bus resource [io  0x0d00-0xffff window]
[    2.404009] pci_bus 0000:00: root bus resource [mem 0x000a0000-0x000bffff window]
[    2.408003] pci_bus 0000:00: root bus resource [mem 0x40000000-0xfdffffff window]
[    2.412007] pci_bus 0000:00: root bus resource [bus 00-ff]
[    2.417388] pci 0000:00:01.1: legacy IDE quirk: reg 0x10: [io  0x01f0-0x01f7]
[    2.420008] pci 0000:00:01.1: legacy IDE quirk: reg 0x14: [io  0x03f6]
[    2.424007] pci 0000:00:01.1: legacy IDE quirk: reg 0x18: [io  0x0170-0x0177]
[    2.428007] pci 0000:00:01.1: legacy IDE quirk: reg 0x1c: [io  0x0376]
[    2.443226] pci 0000:00:07.0: quirk: [io  0x4000-0x403f] claimed by PIIX4 ACPI
[    2.444018] pci 0000:00:07.0: quirk: [io  0x4100-0x410f] claimed by PIIX4 SMB
[    2.454546] ACPI: PCI Interrupt Link [LNKA] (IRQs 5 9 10 *11)
[    2.474322] ACPI: PCI Interrupt Link [LNKB] (IRQs 5 9 *10 11)
[    2.488353] ACPI: PCI Interrupt Link [LNKC] (IRQs 5 *9 10 11)
[    2.492664] ACPI: PCI Interrupt Link [LNKD] (IRQs 5 9 10 *11)
[    2.506258] ACPI: Enabled 2 GPEs in block 00 to 07
[    2.508108] vgaarb: setting as boot device: PCI:0000:00:02.0
[    2.512000] vgaarb: device added: PCI:0000:00:02.0,decodes=io+mem,owns=io+mem,locks=none
[    2.512007] vgaarb: loaded
[    2.516002] vgaarb: bridge control possible 0000:00:02.0
[    2.516930] SCSI subsystem initialized
[    2.517563] ACPI: bus type USB registered
[    2.518171] usbcore: registered new interface driver usbfs
[    2.520011] usbcore: registered new interface driver hub
[    2.524015] usbcore: registered new device driver usb
[    2.524826] PCI: Using ACPI for IRQ routing
[    2.528235] NetLabel: Initializing
[    2.528777] NetLabel:  domain hash size = 128
[    2.529433] NetLabel:  protocols = UNLABELED CIPSOv4
[    2.532021] NetLabel:  unlabeled traffic allowed by default
[    2.536071] amd_nb: Cannot enumerate AMD northbridges
[    2.540032] clocksource: Switched to clocksource kvm-clock
[  2730]AppArm: pArm FesteEnle
[   0846pn P AI it
[  3122]np: P PIfound3 evics
[  3164]losoceac_p mk:xfffmax_cl: ffffmaid_n 285104 ns
  4.75] T:egisreproc fil2
[    5.264873] TCP established hash table entries: 8192 (order: 4, 65536 bytes
[   3203TCbi hh blenie 819(oer5,312 te
  6.46] P:Hashabs nfur (taisd 92in81)
[   7611UDha tlentes51(oer2,63 bes
[   6.74] P-teastae ntri: 2 rd:  184yt)  8.96] T:egisreproc fil1  8.857] p 00::00:imtingirt I/I aner
[   .281 p 00::00:ctatg A MA hg rkous  9.26] paininras.
[   11.903603] Freeing initrd memory: 10856K
[   12.027444] clocksource: tsc: mask: 0xffffffffffffffff max_cycles: 0x33cb6301e96, max_idle_ns: 440795265198 ns
[   12.164111] platform rtc_cmos: registered platform RTC device (no PNP device found)
[   12.388758] Scanning for low memory corruption every 60 seconds
[   12.576935] audit: initializing netlink subsys (disabled)
[   12.580158] audit: type=2000 audit(1512429436.632:1): initialized
[   12.718444] Initialise system trusted keyring
[   12.811443] HugeTLB registered 2 MB page size, pre-allocated 0 pages
[   12.836879] zbud: loaded
[   12.874856] VFS: Disk quotas dquot_6.6.0
[   13.003901] VFS: Dquot-cache hash table entries: 512 (order 0, 4096 bytes)
[   13.216526] squashfs: version 4.0 (2009/01/31) Phillip Lougher
[   13.236227] fuse init (API version 7.23)
[   13.327231] Key type big_key registered
[   13.336299] Allocating IMA MOK and blacklist keyrings.
[   13.481272] Key type asymmetric registered
[   13.598708] Asymmetric key parser 'x509' registered
[   13.737262] Block layer SCSI generic (bsg) driver version 0.4 loaded (major 249)
[   13.876440] io scheduler noop registered
[   13.877589] io scheduler deadline registered (default)
[   13.878820] io scheduler cfq registered
[   13.880059] pci_hotplug: PCI Hot Plug PCI Core version: 0.5
[   13.912880] pciehp: PCI Express Hot Plug Controller Driver version: 0.4
[   14.085188] ACPI: AC Adapter [AC] (on-line)
[   14.204443] input: Power Button as /devices/LNXSYSTM:00/LNXPWRBN:00/input/input0
[   14.317150] ACPI: owr tt [RF
[  15378int: Slep Buton as /devices/LNXSYSM:/LSLN:/iutnp1  5.50] PISlp tt [PF

[   15.566591] GHES: HEST is not enabled!
[   15.598837] Serial: 8250/16550 driver, 32 ports, IRQ sharing enabled
ÿ[   15.772206] 00:02: ttyS0 at I/O 0x3f8 (irq = 4, base_baud = 115200) is a 16550A
[   15.950354] Linux agpgart interface v0.103
[   16.074660] loop: module loaded
[  16871]csi ho0:taii

[   16.514758] scsi host1: ata_piix
[   16.541862] ata1: PATA max UDMA/33 cmd 0x1f0 ctl 0x3f6 bmdma 0xd000 irq 14
[   16.556007] ata2: PATA max UDMA/33 cmd 0x170 ctl 0x376 bmdma 0xd008 irq 15
[   16.640893] libphy: Fixed MDIO Bus: probed
[   16.651902] tun: Universal TUN/TAP device driver, 1.6
[   16.653165] tun: (C) 1999-2004 Max Krasnyansky <maxk@qualcomm.com>
[   16.654690] PPP generic driver version 2.4.2
[   16.680883] ehci_hcd: USB 2.0 'Enhanced' Host Controller (EHCI) Driver
[   16.985]hcpc EI I atrmrir  7.74] cilafo: CIenric platform driver
[  17.66464] hci_d:SB.1Op' stonolr HC Dve
[ 18287]hcpc OI I atrmdrivr  8.97] cilaor OI nec atrmrir  8.36] cicdUSUnivsaHo CtrleInrfe iv
  0.49] 042:NPPS Ctrle[P03:PK,P0f03:PS2M]atx60x i 12
[ 21036]er: 04KBpo a0x,04 q 
[  20041seo: i42UXoratx60x i 12
[   22.102773] mousedev: PS/2 mouse device common for all mice
[   22.198482] input: AT Translated Set 2 keyboard as /devices/platform/i8042/serio0/input/input2
[   22.205160] rtc_cmos rtc_cmos: rtc core: registered rtc_cmos as rtc0
[   22.205243] rtc_cmos rtc_cmos: alarms up to one day, 114 bytes nvram
[   22.205250] i2c /dev entries driver
[   22.205309] device-mapper: uevent: version 1.0.3
[   22.205371] device-mapper: ioctl: 4.34.0-ioctl (2015-10-28) initialised: dm-devel@redhat.com
[   22.205389] ledtrig-cpu: registered to indicate activity on CPUs
[   22.205715] NET: Registered protocol family 10
[   22.205894] NET: Registered protocol family 17
[   22.205905] Key type dns_resolver registered
[   22.205840] microcode: CPU0: patch_level=0x06000626
[   22.330450] microcode: CPU1: patch_level=0x06000626
[   22.330504] microcode: Microcode Update Driver: v2.01 <tigran@aivazian.fsnet.co.uk>, Peter Oruba
[   22.330591] registered taskstats version 1
[   22.330603] Loading compiled-in X.509 certificates
[   22.331075] Loaded X.509 cert 'Build time autogenerated kernel key: f91c6829a34a801956ec6287af569c0a1f1f8d39'
[   22.331091] zswap: loaded using pool lzo/zbud
[   22.332082] Key type trusted registered
[   22.333611] Key type encrypted registered
[   22.333614] AppArmor: AppArmor sha1 policy hashing enabled
[   22.333617] ima: No TPM chip found, activating TPM-bypass!
[   22.333632] evm: HMAC attrs: 0x1
[   22.333859]   Magic number: 13:497:301
[   22.333880] tty tty30: hash matches
[   22.405610] rtc_cmos rtc_cmos: setting system clock to 2017-12-04 23:17:37 UTC (1512429457)
[   22.405708] BIOS EDD facility v0.16 2004-Jun-25, 0 devices found
[   22.405708] EDD information not available.
[   24.679281] Freeing unused kernel memory: 1492K
[   24.805718] Write protecting the kernel read-only data: 14336k
[   24.959686] Freeing unused kernel memory: 1744K
[   25.008898] Freeing unused kernel memory: 108K
Loading, please [   25.121064] random: systemd-udevd: uninitialized urandom read (16 bytes read, 9 bits of entropy available)
wait...
starting version 229
[   25.121482] random: udevadm: uninitialized urandom read (16 bytes read, 9 bits of entropy available)
[   25.121498] random: udevadm: uninitialized urandom read (16 bytes read, 9 bits of entropy available)
[   25.127003] random: udevadm: uninitialized urandom read (16 bytes read, 9 bits of entropy available)
[   25.127031] random: udevadm: uninitialized urandom read (16 bytes read, 9 bits of entropy available)
[   25.127114] random: udevadm: uninitialized urandom read (16 bytes read, 9 bits of entropy available)
[   25.127148] random: udevadm: uninitialized urandom read (16 bytes read, 9 bits of entropy available)
[   25.127182] random: udevadm: uninitialized urandom read (16 bytes read, 9 bits of entropy available)
[   25.127243] random: udevadm: uninitialized urandom read (16 bytes read, 9 bits of entropy available)
[   25.127277] random: udevadm: uninitialized urandom read (16 bytes read, 9 bits of entropy available)
[   27.658830] e1000: Intel(R) PRO/1000 Network Driver - version 7.3.21-k8-NAPI
[   27.889180] e1000: Copyright (c) 1999-2006 Intel Corporation.
[   27.951800] Fusion MPT base driver 3.04.20
[   28.069710] Copyright (c) 1999-2008 LSI Corporation
[   28.212660] Fusion MPT SPI Host driver 3.04.20
[   28.322959] AVX2 version of gcm_enc/dec engaged.
[   28.423010] AES CTR mode by8 optimization enabled
[   28.558407] input: ImExPS/2 Generic Explorer Mouse as /devices/platform/i8042/serio1/input/input4
[   28.661253] e1000 0000:00:03.0 eth0: (PCI:33MHz:32-bit) 02:44:03:e3:22:ab
[   28.661257] e1000 0000:00:03.0 eth0: Intel(R) PRO/1000 Network Connection
[   29.011274] e1000 0000:00:08.0 eth1: (PCI:33MHz:32-bit) 08:00:27:92:8e:72
[   29.119577] e1000 0000:00:08.0 eth1: Intel(R) PRO/1000 Network Connection
[   29.238682] mptbase: ioc0: Initiating bringup
[   29.252867] e1000 0000:00:03.0 enp0s3: renamed from eth0
[   29.516747] e1000 0000:00:08.0 enp0s8: renamed from eth1
[   29.568484] ioc0: LSI53C1030 A0: Capabilities={Initiator}
[   29.837428] scsi host2: ioc0: LSI53C1030 A0, FwRev=00000000h, Ports=1, MaxQ=256, IRQ=20
[   30.201047] scsi 2:0:0:0: Direct-Access     VBOX     HARDDISK         1.0  PQ: 0 ANSI: 5
[   30.452500] scsi target2:0:0: Beginning Domain Validation
[   30.647105] scsi target2:0:0: Domain Validation skipping write tests
[   30.804503] scsi target2:0:0: Ending Domain Validation
[   30.935678] scsi target2:0:0: asynchronous
[   31.726004] floppy0: no floppy controllers found
[   31.847081] scsi 2:0:1:0: Direct-Access     VBOX     HARDDISK         1.0  PQ: 0 ANSI: 5
[   32.161114] scsi target2:0:1: Beginning Domain Validation
[   32.353215] scsi target2:0:1: Domain Validation skipping write tests
[   32.509863] scsi target2:0:1: Ending Domain Validation
[   32.651000] scsi target2:0:1: asynchronous
[   32.657058] sd 2:0:0:0: [sda] 20971520 512-byte logical blocks: (10.7 GB/10.0 GiB)
[   32.682798] sd 2:0:0:0: Attached scsi generic sg0 type 0
[   32.683019] sd 2:0:0:0: [sda] Write Protect is off
[   32.683086] sd 2:0:0:0: [sda] Incomplete mode parameter data
[   32.683088] sd 2:0:0:0: [sda] Assuming drive cache: write through
[   32.697178] sd 2:0:1:0: Attached scsi generic sg1 type 0
[   32.704214] sd 2:0:1:0: [sdb] 20480 512-byte logical blocks: (10.5 MB/10.0 MiB)
[   32.704339] sd 2:0:1:0: [sdb] Write Protect is off
[   32.704400] sd 2:0:1:0: [sdb] Incomplete mode parameter data
[   32.704401] sd 2:0:1:0: [sdb] Assuming drive cache: write through
[   32.722367]  sda: sda1
[   32.723157] sd 2:0:0:0: [sda] Attached SCSI disk
[   32.733065] sd 2:0:1:0: [sdb] Attached SCSI disk
Begin: Loading e[   35.230236] md: linear personality registered for level -1
ssential drivers[   35.447476] md: multipath personality registered for level -4
 ... [   35.651294] md: raid0 personality registered for level 0
[   35.846237] md: raid1 personality registered for level 1
[   36.053176] raid6: sse2x1   gen()  7612 MB/s
[   36.292307] raid6: sse2x1   xor()  7548 MB/s
[   36.516951] raid6: sse2x2   gen() 16089 MB/s
[   36.724371] raid6: sse2x2   xor() 10233 MB/s
[   36.957224] raid6: sse2x4   gen() 12418 MB/s
[   37.072695] raid6: sse2x4   xor()  8311 MB/s
[   37.276210] raid6: avx2x1   gen() 17351 MB/s
[   37.492438] raid6: avx2x2   gen() 21998 MB/s
[   37.729209] raid6: avx2x4   gen() 22680 MB/s
[   37.876310] raid6: using algorithm avx2x4 gen() 22680 MB/s
[   37.996251] raid6: using avx2x2 recovery algorithm
[   38.038914] xor: automatically using best checksumming function:
[   38.180281]    avx       : 14715.000 MB/sec
[   38.305695] async_tx: api initialized (async)
[   38.460600] md: raid6 personality registered for level 6
[   38.664094] md: raid5 personality registered for level 5
[   38.854807] md: raid4 personality registered for level 4
[   39.045496] md: raid10 personality registered for level 10
done.
Begin: Running /scripts/init-p[   39.138110] Btrfs loaded
remount ... done.
Begin: Mounting root file system ... Begin: Running /scripts/local-top ... done.
Begin: Running /scripts/local-premount ... Scanning for Btrfs filesystems
done.
Warning: fsck not present, so skipping root file system
[   39.452155] EXT4-fs (sda1): mounted filesystem with ordered data mode. Opts: (null)
done.
Begin: Running /scripts/local-bottom ... done.
Begin: Running /scripts/init-bottom ... done.
[   40.241422] random: nonblocking pool is initialized
[   40.750127] systemd[1]: systemd 229 running in system mode. (+PAM +AUDIT +SELINUX +IMA +APPARMOR +SMACK +SYSVINIT +UTMP +LIBCRYPTSETUP +GCRYPT +GNUTLS +ACL +XZ -LZ4 +SECCOMP +BLKID +ELFUTILS +KMOD -IDN)
[   40.949590] systemd[1]: Detected virtualization oracle.
[   41.086365] systemd[1]: Detected architecture x86-64.

Welcome to [1mUbuntu 16.04.3 LTS[0m!

[   41.285864] systemd[1]: Set hostname to <ubuntu-xenial>.
[ 4443524] sted[1]: Ltengn sl Ske
[[0;32m  OK  [0m] Listening on Syslog Socket.
[   44.721520] systemd[1]: Reached target Swap.
[[0;32m  OK  [0m] Reached target Swap.
[   44.736859] systemd[1]: Listening on Device-mapper event daemon FIFOs.
[[0;32m  OK  [0m] Listening on Device-mapper event daemon FIFOs.
[   44.994768] systemd[1]: Listening on udev Control Socket.
[[0;32m  OK  [0m] Listening on udev Control Socket.
[   45.265225] systemd[1]: Listening on udev Kernel Socket.
[[0;32m  OK  [0m] Listening on udev Kernel Socket.
[   45.459494] systemd[1]: Created slice System Slice.
[[0;32m  OK  [0m] Created slice System Slice.
[   45.544243] systemd[1]: Created slice system-serial\x2dgetty.slice.
[[0;32m  OK  [0m] Created slice system-serial\x2dgetty.slice.
[   45.737747] systemd[1]: Started Trigger resolvconf update for networkd DNS.
[[0;32m  OK  [0m] Started Trigger resolvconf update for networkd DNS.
[   45.743704] systemd[1]: Created slice User and Session Slice.
[[0;32m  OK  [0m] Created slice User and Session Slice.
[   45.773181] systemd[1]: Reached target User and Group Name Lookups.
[[0;32m  OK  [0m] Reached target User and Group Name Lookups.
[   45.779097] systemd[1]: Listening on Journal Audit Socket.
[[0;32m  OK  [0m] Listening on Journal Audit Socket.
[   45.781797] systemd[1]: Set up automount Arbitrary Executable File Formats File System Automount Point.
[[0;32m  OK  [0m] Set up automount Arbitrary Executab...ats File System Automount Point.
[   45.795805] systemd[1]: Reached target Encrypted Volumes.
[[0;32m  OK  [0m] Reached target Encrypted Volumes.
[   45.803182] systemd[1]: Listening on Journal Socket.
[[0;32m  OK  [0m] Listening on Journal Socket.
[   45.820323] systemd[1]: Starting Nameserver information manager...
         Starting Nameserver information manager...
[   45.962384] systemd[1]: Starting Set console keymap...
         Starting Set console keymap...
[   45.968653] systemd[1]: Starting Create list of required static device nodes for the current kernel...
         Starting Create list of required st... nodes for the current kernel...
[   46.048429] systemd[1]: Starting Uncomplicated firewall...
         Starting Uncomplicated firewall...
[   46.176301] systemd[1]: Starting Load Kernel Modules...
         Starting Load Kernel Modules...
[   46.376447] systemd[1]: Reached target Slices.
[   46.468530] Loading iSCSI transport class v2.0-870.
[[0;32m  OK  [0m] Reached target Slices.
[   46.574021] iscsi: registered transport (tcp)
[   46.617855] systemd[1]: Mounting Debug File System...
         Mounting Debug File System...
[   46.668873] iscsi: registered transport (iser)
[   46.812235] systemd[1]: Starting Remount Root and Kernel File Systems...
         Startin[   47.011972] EXT4-fs (sda1): re-mounted. Opts: (null)
g Remount Root and Kernel File Systems...
[   47.116520] systemd[1]: Started Forward Password Requests to Wall Directory Watch.
[[0;32m  OK  [0m] Started Forward Password Requests to Wall Directory Watch.
[ 47682]ysmd]:isnig onVMpo dmo socet.
[[0;32m  OK  [0m] Listening on LVM2 poll daemon socket.
[   48.327183] systemd[1]: Listening on Journal Socket (/dev/log).
[[0;32m  OK  [0m] Listening on Journal Socket (/dev/log).
[   48.392533] systemd[1]: Starting Journal Service...
         Starting Journal Service...
[   48.440430] systemd[1]: Listening on /dev/initctl Compatibility Named Pipe.
[[0;32m  OK  [0m] Listening on /dev/initctl Compatibility Named Pipe.
[   48.694610] systemd[1]: Listening on LVM2 metadata daemon socket.
[[0;32m  OK  [0m] Listening on LVM2 metadata daemon socket.
[   48.820191] systemd[1]: Starting Monitoring of LVM2 mirrors, snapshots etc. using dmeventd or progress polling...
         Starting Monitoring of LVM2 mirrors... dmeventd or progress polling...
[   48.827539] systemd[1]: Mounting Huge Pages File System...
         Mounting Huge Pages File System...
[   48.830734] systemd[1]: Mounting POSIX Message Queue File System...
         Mounting POSIX Message Queue File System...
[   49.369061] systemd[1]: Mounted POSIX Message Queue File System.
[[0;32m  OK  [0m] Mounted POSIX Message Queue File System.
[   49.521678] systemd[1]: Mounted Debug File System.
[[0;32m  OK  [0m] Mounted Debug File System.
[   49.682992] systemd[1]: Mounted Huge Pages File System.
[[0;32m  OK  [0m] Mounted Huge Pages File System.
[   49.853570] systemd[1]: Started Journal Service.
[[0;32m  OK  [0m] Started Journal Service.
[[0;32m  OK  [0m] Started Set console keymap.
[[0;32m  OK  [0m] Started Create list of required sta...ce nodes for the current kernel.
[[0;32m  OK  [0m] Started Uncomplicated firewall.
[[0;32m  OK  [0m] Started Load Kernel Modules.
[[0;32m  OK  [0m] Started Remount Root and Kernel File Systems.
[[0;32m  OK  [0m] Started Nameserver information manager.
[[0;32m  OK  [0m] Started LVM2 metadata daemon.
         Starting Initial cloud-init job (pre-networking)...
         Starting udev Coldplug all Devices...
         Starting Load/Save Random Seed...
         Mounting FUSE Control File System...
         Starting Apply Kernel Variables...
         Starting Create Static Device Nodes in /dev...
         Starting Flush Journal to Persistent Storage...
[[0;32m  OK  [0m] Mounted FUSE Control File System.
[[0;32m  OK  [0m] Started Load/Save Random Seed.
[[0;32m  OK  [0m] Started Monitoring of LVM2 mirrors,...ng dmeventd or progress polling.
[[0;32m  OK  [0m] Started Apply Kernel Variables.
[[0;32m  OK  [0m] Started Create Static Device Nodes in /dev.
[[0;32m  OK  [0m] Started udev Coldplug all Devices.
         Starting udev Kernel Device Manager...
[[0;32m  OK  [0m] Started Flush Journal to Persistent Storage.
[[0;32m  OK  [0m] Started udev Kernel Device Manager.
[[0;32m  OK  [0m] Reached target Local File Systems (Pre).
[[0;32m  OK  [0m] Reached target Local File Systems.
         Starting Set console font and keymap...
         Starting Tell Plymouth To Write Out Runtime Data...
         Starting LSB: AppArmor initialization...
         Starting Create Volatile Files and Directories...
[[0;32m  OK  [0m] Started Dispatch Password Requests to Console Directory Watch.
[[0;32m  OK  [0m] Started Tell Plymouth To Write Out Runtime Data.
[[0;32m  OK  [0m] Found device /dev/ttyS0.
[[0;32m  OK  [0m] Found device 82540EM Gigabit Ethern...r (PRO/1000 MT Desktop Adapter).
[[0;32m  OK  [0m] Started Create Volatile Files and Directories.
[[0;32m  OK  [0m] Found device 82540EM Gigabit Ethern...r (PRO/1000 MT Desktop Adapter).
[[0;32m  OK  [0m] Reached target System Time Synchronized.
         Starting Update UTMP about System Boot/Shutdown...
[[0;32m  OK  [0m] Started Set console font and keymap.
[[0;32m  OK  [0m] Listening on Load/Save RF Kill Switch Status /dev/rfkill Watch.
[[0;32m  OK  [0m] Created slice system-getty.slice.
[[0;32m  OK  [0m] Started LSB: AppArmor initialization.
[[0;32m  OK  [0m] Started Update UTMP about System Boot/Shutdown.
[   53.901515] cloud-init[433]: Cloud-init v. 17.1 running 'init-local' at Mon, 04 Dec 2017 23:18:08 +0000. Up 53.24 seconds.
[[0;32m  OK  [0m] Started Initial cloud-init job (pre-networking).
[[0;32m  OK  [0m] Reached target Network (Pre).
[[0;32m  OK  [0m] Started ifup for enp0s8.
[[0;32m  OK  [0m] Started ifup for enp0s3.
         Starting Raise network interfaces...
[[0;32m  OK  [0m] Started Raise network interfaces.
[[0;32m  OK  [0m] Reached target Network.
         Starting Initial cloud-init job (metadata service crawler)...
[   55.308576] cloud-init[1054]: Cloud-init v. 17.1 running 'init' at Mon, 04 Dec 2017 23:18:09 +0000. Up 54.66 seconds.
[   55.368315] cloud-init[1054]: ci-info: ++++++++++++++++++++++++++++++++++++++Net device info++++++++++++++++++++++++++++++++++++++
[   55.368483] cloud-init[[1054]: [0;32m  OK  [0mci-info: +--------+------+-----------------------------+---------------+-------+-------------------+] 
Started Initial cloud-init job (metadata service crawler).
[   55.368597] cloud-init[1054]: ci-info: | Device |  Up  |           Address           |      Mask     | Scope |     Hw-Address    |
[   55.424347] cloud-init[1054]: ci-info: +--------+------+-----------------------------+---------------+-------+-------------------+
[[0;32m  OK  [0m] Reached target System Initialization.
[   55.424727] cloud-init[1054]: ci-info: | enp0s3 | True |          10.0.2.15          | 255.255.255.0 |   .   | 02:44:03:e3:22:ab |
[   55.457152] cloud-init[1054]: ci-info: | enp0s3 | True |  fe80::44:3ff:fee3:22ab/64  |       .       |  link | 02:44:03:e3:22:ab |
[   55.457499] cloud-init[1054]: ci-info: | enp0s8 | True |         192.168.50.5        | 255.255.255.0 |   .   | 08:00:27:92:8e:72 |
[   55.458549] cloud-init[1054]: ci-info: | enp0s8 | True | fe80::a00:27ff:fe92:8e72/64 |       .       |  link | 08:00:27:92:8e:72 |
[   55.459621] cloud-init[1054]: ci-info: |   lo   | True |          127.0.0.1          |   255.0.0.0   |   .   |         .         |
[   55.460868] cloud-init[1054]: ci-info: |   lo   | True |           ::1/128           |       .       |  host |         .         |
[   55.461568] cloud-init[1054]: ci-info: +--------+------+-----------------------------+---------------+-------+-------------------+
[[0;32m  OK  [0m] Listening on UUID daemon activation socket.
[   55.461766] cloud-init[1054]: ci-info: ++++++++++++++++++++++++++++Route IPv4 info++++++++++++++++++++++++++++
[   55.671608] cloud-init[1054]: ci-info: +-------+--------------+----------+---------------+-----------+-------+
[   55.732573] cloud-init[1054]: ci-info: | Route | Destination  | Gateway  |    Genmask    | Interface | Flags |
[   55.773131] cloud-init[1054]: ci-info: +-------+--------------+----------+---------------+-----------+-------+
[   55.773446] cloud-init[1054]: ci-info: |   0   |   0.0.0.0    | 10.0.2.2 |    0.0.0.0    |   enp0s3  |   UG  |
         Starting LXD - unix socket.
[[   55.773798] cloud-init[1054]: ci-info: |   1   |   10.0.2.0   | 0.0.0.0  | 255.255.255.0 |   enp0s3  |   U   |
[   55.869793] cloud-init[1054]: ci-info: |   2   | 192.168.50.0 | 0.0.0.0  | 255.255.255.0 |   enp0s8  |   U   |
[0;32m  OK  [0m] Listening on D-Bus System Message Bus Socket.
[   55.869945] cloud-init[1054]: ci-info: +-------+--------------+----------+---------------+-----------+-------+
[[0;32m  OK  [0m] Started ACPI Events Check.
[[0;32m  OK  [0m] Reached target Paths.
[[0;32m  OK  [0m] Started Timer to automatically refresh installed snaps.
         Starting Socket activation for snappy daemon.
[[0;32m  OK  [0m] Listening on ACPID Listen Socket.
[[0;32m  OK  [0m] Started Daily Cleanup of Temporary Directories.
[[0;32m  OK  [0m] Reached target Network is Online.
         Starting iSCSI initiator daemon (iscsid)...
[[0;32m  OK  [0m] Started Daily apt download activities.
[[0;32m  OK  [0m] Started Daily apt upgrade and clean activities.
[[0;32m  OK  [0m] Reached target Timers.
[[0;32m  OK  [0m] Reached target Cloud-config availability.
[[0;32m  OK  [0m] Listening on LXD - unix socket.
[[0;32m  OK  [0m] Listening on Socket activation for snappy daemon.
[[0;32m  OK  [0m] Reached target Sockets.
[[0;32m  OK  [0m] Reached target Basic System.
[[0;32m  OK  [0m] Started Regular background program processing daemon.
[[0;32m  OK  [0m] Started FUSE filesystem for LXC.
         Starting Login Service...
[[0;32m  OK  [0m] Started Deferred execution scheduler.
         Starting LSB: Record successful boot for GRUB...
         Starting System Logging Service...
[[0;32m  OK  [0m] Started Unattended Upgrades Shutdown.
[[0;32m  OK  [0m] Started ACPI event daemon.
         Starting LXD - container startup/shutdown...
         Starting Accounts Service...
         Starting /etc/rc.local Compatibility...
         Starting LSB: MD monitoring daemon...
         Starting Snappy daemon...
[[0;32m  OK  [0m] Started D-Bus System Message Bus.
         Starting OpenBSD Secure Shell server...
         Starting Apply the settings specified in cloud-config...
[[0;32m  OK  [0m] Started System Logging Service.
[[0;32m  OK  [0m] Started iSCSI initiator daemon (iscsid).
[[0;32m  OK  [0m] Started /etc/rc.local Compatibility.
         Starting Login to default iSCSI targets...
[[0;32m  OK  [0m] Started Login Service.
[[0;32m  OK  [0m] Started LSB: MD monitoring daemon.
         Starting Authenticate and Authorize Users to Run Privileged Tasks...
[[0;32m  OK  [0m] Started LSB: Record successful boot for GRUB.
[[0;32m  OK  [0m] Started OpenBSD Secure Shell server.
[[0;32m  OK  [0m] Started Authenticate and Authorize Users to Run Privileged Tasks.
[[0;32m  OK  [0m] Started LXD - container startup/shutdown.
[   57.878460] cloud-init[1160]: Cloud-init v. 17.1 running 'modules:config' at Mon, 04 Dec 2017 23:18:12 +0000. Up 57.63 seconds.
[[0;32m  OK  [0m] Started Apply the settings specified in cloud-config.
[[0;32m  OK  [0m] Started Login to default iSCSI targets.
[[0;32m  OK  [0m] Started Snappy daemon.
[[0;32m  OK  [0m] Started Accounts Service.
[[0;32m  OK  [0m] Reached target Remote File Systems (Pre).
[[0;32m  OK  [0m] Reached target Remote File Systems.
         Starting LSB: daemon to balance interrupts for SMP systems...
         Starting LSB: Set the CPU Frequency Scaling governor to "ondemand"...
         Starting LSB: automatic crash report generation...
         Starting LSB: VirtualBox Linux Additions...
         Starting Permit User Sessions...
[[0;32m  OK  [0m] Started Permit User Sessions.
[[0;32m  OK  [0m] Started LSB: Set the CPU Frequency Scaling governor to "ondemand".
         Starting Terminate Plymouth Boot Screen...
         Starting Hold until boot process finishes up...
[[0;32m  OK  [0m] Started LSB: daemon to balance interrupts for SMP systems.
[[0;32m  OK  [0m] Started LSB: automatic crash report generation.
[[0;32m  OK  [0m] Started LSB: VirtualBox Linux Additions.
[[0;32m  OK  [0m] Started Terminate Plymouth Boot Screen.
[[0;32m  OK  [0m] Started Hold until boot process finishes up.
[[0;32m  OK  [0m] Created slice User Slice of ubuntu.
         Starting User Manager for UID 1000...
[[0;32m  OK  [0m] Started Session 1 of user ubuntu.
[[0;32m  OK  [0m] Started Serial Getty on ttyS0.
         Starting Set console scheme...
[[0;32m  OK  [0m] Started Getty on tty1.
[[0;32m  OK  [0m] Reached target Login Prompts.
[[0;32m  OK  [0m] Reached target Multi-User System.
[[0;32m  OK  [0m] Reached target Graphical Interface.
         Starting Update UTMP about System Runlevel Changes...
         Starting Execute cloud user/final scripts...
[[0;32m  OK  [0m] Started User Manager for UID 1000.
[[0;32m  OK  [0m] Started Set console scheme.
[[0;32m  OK  [0m] Started Update UTMP about System Runlevel Changes.
[   59.491838] cloud-init[1292]: Cloud-init v. 17.1 running 'modules:final' at Mon, 04 Dec 2017 23:18:14 +0000. Up 59.32 seconds.
[   59.544029] cloud-init[1292]: Cloud-init v. 17.1 finished at Mon, 04 Dec 2017 23:18:14 +0000. Datasource DataSourceNoCloud [seed=/dev/sdb][dsmode=net].  Up 59.48 seconds
[[0;32m  OK  [0m] Started Execute cloud user/final scripts.
[[0;32m  OK  [0m] Reached target Cloud-init target.

Ubuntu 16.04.3 LTS ubuntu-xenial ttyS0

ubuntu-xenial login:          Stopn         Stopping Unattended Upgrades Shutdown...
         Stopping OpenBSD Secure Shell server...
         Stopping LSB: MD monitoring daemon...
         Stopping Getty on tty1...
         Stopping Daemon for generating UUIDs...
         Stopping Authenticate and Authorize Users to Run Privileged Tasks...
[[0;32m  OK  [0m] Stopped Apply the settings specified in cloud-config.
         Stopping Regular background program processing daemon...
[[0;32m  OK  [0m] Stopped Daily Cleanup of Temporary Directories.
         Stopping D-Bus System Message Bus...
[[0;32m  OK  [0m] Stopped target Cloud-config availability.
         Stopping LXD - container startup/shutdown...
         Stopping User Manager for UID 1000...
         Stopping LSB: daemon to balance interrupts for SMP systems...
[[0;32m  OK  [0m] Stopped Timer to automatically refresh installed snaps.
[[0;32m  OK  [0m] Stopped target System Time Synchronized.
         Stopping LSB: Set the CPU Frequency Scaling governor to "ondemand"...
[[0;32m  OK  [0m] Unmounted /var/lib/lxcfs.
[[0;32m  OK  [0m] Stopped Regular background program processing daemon.
[[0;32m  OK  [0m] Stopped Deferred execution scheduler.
[[0;32m  OK  [0m] Stopped System Logging Service.
[[0;32m  OK  [0m] Stopped ACPI event daemon.
[[0;32m  OK  [0m] Stopped Accounts Service.
[[0;32m  OK  [0m] Stopped Snappy daemon.
[[0;32m  OK  [0m] Stopped OpenBSD Secure Shell server.
[[0;32m  OK  [0m] Stopped Authenticate and Authorize Users to Run Privileged Tasks.
[[0;32m  OK  [0m] Stopped Serial Getty on ttyS0.
[[0;32m  OK  [0m] Stopped Getty on tty1.
[[0;32m  OK  [0m] Stopped Daemon for generating UUIDs.
[[0;32m  OK  [0m] Stopped User Manager for UID 1000.
[[0;32m  OK  [0m] Stopped Session 6 of user ubuntu.
[[0;32m  OK  [0m] Stopped Unattended Upgrades Shutdown.
[[0;32m  OK  [0m] Stopped D-Bus System Message Bus.
[[0;32m  OK  [0m] Stopped FUSE filesystem for LXC.
[[0;32m  OK  [0m] Stopped LSB: automatic crash report generation.
[[0;32m  OK  [0m] Stopped LSB: Record successful boot for GRUB.
[[0;32m  OK  [0m] Stopped LSB: VirtualBox Linux Additions.
[[0;32m  OK  [0m] Stopped LSB: MD monitoring daemon.
[[0;32m  OK  [0m] Stopped LXD - container startup/shutdown.
[[0;32m  OK  [0m] Stopped LSB: daemon to balance interrupts for SMP systems.
[[0;32m  OK  [0m] Stopped LSB: Set the CPU Frequency Scaling governor to "ondemand".
[[0;32m  OK  [0m] Removed slice User Slice of ubuntu.
         Stopping Login Service...
[[0;32m  OK  [0m] Removed slice system-getty.slice.
         Stopping Permit User Sessions...
[[0;32m  OK  [0m] Removed slice system-serial\x2dgetty.slice.
[[0;32m  OK  [0m] Stopped /etc/rc.local Compatibility.
[[0;32m  OK  [0m] Stopped Login Service.
[[0;32m  OK  [0m] Stopped Permit User Sessions.
[[0;32m  OK  [0m] Stopped target Remote File Systems.
[[0;32m  OK  [0m] Stopped target Remote File Systems (Pre).
         Stopping Login to default iSCSI targets...
[[0;32m  OK  [0m] Stopped target User and Group Name Lookups.
[[0;32m  OK  [0m] Stopped target Basic System.
[[0;32m  OK  [0m] Stopped target Slices.
[[0;32m  OK  [0m] Stopped target Sockets.
[[0;32m  OK  [0m] Closed D-Bus System Message Bus Socket.
[[0;32m  OK  [0m] Closed LXD - unix socket.
[[0;32m  OK  [0m] Closed Socket activation for snappy daemon.
[[0;32m  OK  [0m] Closed Syslog Socket.
[[0;32m  OK  [0m] Closed UUID daemon activation socket.
[[0;32m  OK  [0m] Closed ACPID Listen Socket.
[[0;32m  OK  [0m] Stopped target Paths.
[[0;32m  OK  [0m] Stopped Dispatch Password Requests to Console Directory Watch.
[[0;32m  OK  [0m] Stopped ACPI Events Check.
[[0;32m  OK  [0m] Stopped Forward Password Requests to Wall Directory Watch.
[[0;32m  OK  [0m] Stopped target System Initialization.
[[0;32m  OK  [0m] Stopped target Swap.
         Stopping Load/Save Random Seed...
[[0;32m  OK  [0m] Stopped target Encrypted Volumes.
         Stopping Update UTMP about System Boot/Shutdown...
[[0;32m  OK  [0m] Removed slice User and Session Slice.
[[0;32m  OK  [0m] Stopped Load/Save Random Seed.
[[0;32m  OK  [0m] Stopped Update UTMP about System Boot/Shutdown.
[[0;32m  OK  [0m] Stopped Login to default iSCSI targets.
         Stopping iSCSI initiator daemon (iscsid)...
[[0;32m  OK  [0m] Stopped Create Volatile Files and Directories.
[[0;32m  OK  [0m] Stopped iSCSI initiator daemon (iscsid).
[[0;32m  OK  [0m] Stopped target Network is Online.
[[0;32m  OK  [0m] Stopped target Network.
[[0;32m  OK  [0m] Stopped Initial cloud-init job (metadata service crawler).
         Stopping Raise network interfaces...
[[0;32m  OK  [0m] Stopped Raise network interfaces.
[[0;32m  OK  [0m] Stopped target Network (Pre).
[[0;32m  OK  [0m] Stopped Initial cloud-init job (pre-networking).
[[0;32m  OK  [0m] Stopped Apply Kernel Variables.
[[0;32m  OK  [0m] Stopped Load Kernel Modules.
[[0;32m  OK  [0m] Stopped target Local File Systems.
         Unmounting /vagrant...
         Unmounting /run/user/1000...
[[0;32m  OK  [0m] Unmounted /vagrant.
[[0;32m  OK  [0m] Unmounted /run/user/1000.
[[0;32m  OK  [0m] Reached target Unmount All Filesystems.
[[0;32m  OK  [0m] Stopped target Local File Systems (Pre).
[[0;32m  OK  [0m] Stopped Remount Root and Kernel File Systems.
[[0;32m  OK  [0m] Stopped Create Static Device Nodes in /dev.
[[0;32m  OK  [0m] Reached target Shutdown.
[ 20.70610 roo Perow

